{"name": "test_value_in_excel", "status": "failed", "statusDetails": {"message": "AssertionError: Expected value 'abcde', but got 'abcdef'\nassert 'abcdef' == 'abcde'\n  \n  - abcde\n  + abcdef\n  ?      +", "trace": "def test_value_in_excel():\n        # 加载 Excel 文件\n        workbook = openpyxl.load_workbook('assets/abc.xlsx')\n        sheet = workbook.active  # 获取活动的工作表\n    \n        # 获取第 10 行 D 列的值\n        cell_value = sheet['D10'].value\n    \n        # 断言检查\n>       assert cell_value == \"abcde\", f\"Expected value 'abcde', but got '{cell_value}'\"\nE       AssertionError: Expected value 'abcde', but got 'abcdef'\nE       assert 'abcdef' == 'abcde'\nE         \nE         - abcde\nE         + abcdef\nE         ?      +\n\nC:\\Users\\10561\\Desktop\\test\\test_case\\test.py:113: AssertionError"}, "start": 1727962734490, "stop": 1727962734502, "uuid": "6f3c53c7-6a5a-48d2-b08c-baa18bfc840f", "historyId": "319b538d5da55dff6884797bdfb66c2e", "testCaseId": "319b538d5da55dff6884797bdfb66c2e", "fullName": "test_case.test#test_value_in_excel", "labels": [{"name": "parentSuite", "value": "test_case"}, {"name": "suite", "value": "test"}, {"name": "host", "value": "LAPTOP-3TQP7LVJ"}, {"name": "thread", "value": "1660-MainThread"}, {"name": "framework", "value": "pytest"}, {"name": "language", "value": "cpython3"}, {"name": "package", "value": "test_case.test"}]}